{"/Users/aliyapetranik/fork/gladeo/config.js": {"path":"/Users/aliyapetranik/fork/gladeo/config.js","statementMap":{"0":{"start":{"line":2,"column":15},"end":{"line":2,"column":32}},"1":{"start":{"line":3,"column":0},"end":{"line":3,"column":15}},"2":{"start":{"line":5,"column":0},"end":{"line":11,"column":1}}},"fnMap":{},"branchMap":{},"s":{"0":3,"1":3,"2":3},"f":{},"b":{},"_coverageSchema":"43e27e138ebf9cfc5966b082cf9a028302ed4184","hash":"6d9d003540f69ec28d962026b25e76568a5e0331"}
,"/Users/aliyapetranik/fork/gladeo/server/api/app.js": {"path":"/Users/aliyapetranik/fork/gladeo/server/api/app.js","statementMap":{"0":{"start":{"line":1,"column":16},"end":{"line":1,"column":34}},"1":{"start":{"line":2,"column":18},"end":{"line":2,"column":46}},"2":{"start":{"line":3,"column":13},"end":{"line":3,"column":37}},"3":{"start":{"line":4,"column":13},"end":{"line":4,"column":37}},"4":{"start":{"line":5,"column":16},"end":{"line":5,"column":43}},"5":{"start":{"line":7,"column":12},"end":{"line":7,"column":21}},"6":{"start":{"line":9,"column":19},"end":{"line":9,"column":41}},"7":{"start":{"line":10,"column":16},"end":{"line":10,"column":42}},"8":{"start":{"line":13,"column":0},"end":{"line":15,"column":2}},"9":{"start":{"line":14,"column":2},"end":{"line":14,"column":23}},"10":{"start":{"line":16,"column":0},"end":{"line":18,"column":2}},"11":{"start":{"line":17,"column":2},"end":{"line":17,"column":23}},"12":{"start":{"line":22,"column":0},"end":{"line":34,"column":2}},"13":{"start":{"line":23,"column":2},"end":{"line":23,"column":68}},"14":{"start":{"line":24,"column":2},"end":{"line":24,"column":54}},"15":{"start":{"line":25,"column":2},"end":{"line":28,"column":3}},"16":{"start":{"line":29,"column":2},"end":{"line":32,"column":3}},"17":{"start":{"line":33,"column":2},"end":{"line":33,"column":8}},"18":{"start":{"line":37,"column":0},"end":{"line":37,"column":26}},"19":{"start":{"line":40,"column":0},"end":{"line":40,"column":36}},"20":{"start":{"line":41,"column":0},"end":{"line":41,"column":26}},"21":{"start":{"line":42,"column":0},"end":{"line":42,"column":32}},"22":{"start":{"line":43,"column":0},"end":{"line":43,"column":26}},"23":{"start":{"line":46,"column":0},"end":{"line":52,"column":1}},"24":{"start":{"line":55,"column":0},"end":{"line":59,"column":2}},"25":{"start":{"line":56,"column":14},"end":{"line":56,"column":36}},"26":{"start":{"line":57,"column":2},"end":{"line":57,"column":21}},"27":{"start":{"line":58,"column":2},"end":{"line":58,"column":11}},"28":{"start":{"line":62,"column":0},"end":{"line":69,"column":2}},"29":{"start":{"line":63,"column":2},"end":{"line":63,"column":31}},"30":{"start":{"line":64,"column":2},"end":{"line":68,"column":4}},"31":{"start":{"line":72,"column":0},"end":{"line":72,"column":20}}},"fnMap":{"0":{"name":"(anonymous_0)","decl":{"start":{"line":13,"column":19},"end":{"line":13,"column":20}},"loc":{"start":{"line":13,"column":33},"end":{"line":15,"column":1}},"line":13},"1":{"name":"(anonymous_1)","decl":{"start":{"line":16,"column":20},"end":{"line":16,"column":21}},"loc":{"start":{"line":16,"column":34},"end":{"line":18,"column":1}},"line":16},"2":{"name":"(anonymous_2)","decl":{"start":{"line":22,"column":8},"end":{"line":22,"column":9}},"loc":{"start":{"line":22,"column":28},"end":{"line":34,"column":1}},"line":22},"3":{"name":"(anonymous_3)","decl":{"start":{"line":55,"column":8},"end":{"line":55,"column":9}},"loc":{"start":{"line":55,"column":28},"end":{"line":59,"column":1}},"line":55},"4":{"name":"(anonymous_4)","decl":{"start":{"line":62,"column":8},"end":{"line":62,"column":9}},"loc":{"start":{"line":62,"column":33},"end":{"line":69,"column":1}},"line":62}},"branchMap":{"0":{"loc":{"start":{"line":63,"column":13},"end":{"line":63,"column":30}},"type":"binary-expr","locations":[{"start":{"line":63,"column":13},"end":{"line":63,"column":23}},{"start":{"line":63,"column":27},"end":{"line":63,"column":30}}],"line":63}},"s":{"0":3,"1":3,"2":3,"3":3,"4":3,"5":3,"6":3,"7":3,"8":3,"9":0,"10":3,"11":0,"12":3,"13":25,"14":25,"15":25,"16":25,"17":25,"18":3,"19":3,"20":3,"21":3,"22":3,"23":3,"24":3,"25":3,"26":3,"27":3,"28":3,"29":3,"30":3,"31":3},"f":{"0":0,"1":0,"2":25,"3":3,"4":3},"b":{"0":[3,0]},"_coverageSchema":"43e27e138ebf9cfc5966b082cf9a028302ed4184","hash":"89c9e7d04ea1b390884418250926d2f83a1bc8d8"}
,"/Users/aliyapetranik/fork/gladeo/server/api/routes/auth.js": {"path":"/Users/aliyapetranik/fork/gladeo/server/api/routes/auth.js","statementMap":{"0":{"start":{"line":1,"column":16},"end":{"line":1,"column":34}},"1":{"start":{"line":2,"column":15},"end":{"line":2,"column":31}},"2":{"start":{"line":4,"column":0},"end":{"line":5,"column":2}},"3":{"start":{"line":7,"column":0},"end":{"line":8,"column":2}},"4":{"start":{"line":10,"column":0},"end":{"line":10,"column":23}}},"fnMap":{"0":{"name":"(anonymous_0)","decl":{"start":{"line":4,"column":21},"end":{"line":4,"column":22}},"loc":{"start":{"line":4,"column":41},"end":{"line":5,"column":1}},"line":4},"1":{"name":"(anonymous_1)","decl":{"start":{"line":7,"column":24},"end":{"line":7,"column":25}},"loc":{"start":{"line":7,"column":44},"end":{"line":8,"column":1}},"line":7}},"branchMap":{},"s":{"0":3,"1":3,"2":3,"3":3,"4":3},"f":{"0":0,"1":0},"b":{},"_coverageSchema":"43e27e138ebf9cfc5966b082cf9a028302ed4184","hash":"335038c303ff1ecf4cd38db4bdec882e446f6087"}
,"/Users/aliyapetranik/fork/gladeo/server/api/routes/company.js": {"path":"/Users/aliyapetranik/fork/gladeo/server/api/routes/company.js","statementMap":{"0":{"start":{"line":1,"column":16},"end":{"line":1,"column":34}},"1":{"start":{"line":2,"column":15},"end":{"line":2,"column":31}},"2":{"start":{"line":3,"column":23},"end":{"line":3,"column":65}},"3":{"start":{"line":5,"column":0},"end":{"line":25,"column":2}},"4":{"start":{"line":6,"column":2},"end":{"line":24,"column":3}},"5":{"start":{"line":7,"column":21},"end":{"line":7,"column":31}},"6":{"start":{"line":8,"column":20},"end":{"line":8,"column":42}},"7":{"start":{"line":9,"column":4},"end":{"line":14,"column":5}},"8":{"start":{"line":10,"column":6},"end":{"line":13,"column":7}},"9":{"start":{"line":15,"column":4},"end":{"line":15,"column":40}},"10":{"start":{"line":17,"column":4},"end":{"line":22,"column":5}},"11":{"start":{"line":18,"column":6},"end":{"line":21,"column":8}},"12":{"start":{"line":23,"column":4},"end":{"line":23,"column":36}},"13":{"start":{"line":27,"column":0},"end":{"line":27,"column":23}}},"fnMap":{"0":{"name":"(anonymous_0)","decl":{"start":{"line":5,"column":21},"end":{"line":5,"column":22}},"loc":{"start":{"line":5,"column":41},"end":{"line":25,"column":1}},"line":5}},"branchMap":{"0":{"loc":{"start":{"line":9,"column":4},"end":{"line":14,"column":5}},"type":"if","locations":[{"start":{"line":9,"column":4},"end":{"line":14,"column":5}},{"start":{"line":9,"column":4},"end":{"line":14,"column":5}}],"line":9},"1":{"loc":{"start":{"line":17,"column":4},"end":{"line":22,"column":5}},"type":"if","locations":[{"start":{"line":17,"column":4},"end":{"line":22,"column":5}},{"start":{"line":17,"column":4},"end":{"line":22,"column":5}}],"line":17}},"s":{"0":3,"1":3,"2":3,"3":3,"4":3,"5":3,"6":3,"7":3,"8":1,"9":2,"10":1,"11":0,"12":1,"13":3},"f":{"0":3},"b":{"0":[1,2],"1":[0,1]},"_coverageSchema":"43e27e138ebf9cfc5966b082cf9a028302ed4184","hash":"1617d2249d714e246bcf5e2fa753ff99d2fc099f"}
,"/Users/aliyapetranik/fork/gladeo/server/api/routes/question.js": {"path":"/Users/aliyapetranik/fork/gladeo/server/api/routes/question.js","statementMap":{"0":{"start":{"line":1,"column":16},"end":{"line":1,"column":34}},"1":{"start":{"line":2,"column":15},"end":{"line":2,"column":31}},"2":{"start":{"line":3,"column":41},"end":{"line":3,"column":84}},"3":{"start":{"line":6,"column":0},"end":{"line":20,"column":2}},"4":{"start":{"line":7,"column":2},"end":{"line":19,"column":3}},"5":{"start":{"line":8,"column":22},"end":{"line":8,"column":45}},"6":{"start":{"line":9,"column":4},"end":{"line":9,"column":42}},"7":{"start":{"line":12,"column":4},"end":{"line":17,"column":5}},"8":{"start":{"line":13,"column":6},"end":{"line":16,"column":8}},"9":{"start":{"line":18,"column":4},"end":{"line":18,"column":47}},"10":{"start":{"line":23,"column":0},"end":{"line":45,"column":2}},"11":{"start":{"line":24,"column":2},"end":{"line":44,"column":3}},"12":{"start":{"line":25,"column":19},"end":{"line":25,"column":29}},"13":{"start":{"line":27,"column":22},"end":{"line":27,"column":43}},"14":{"start":{"line":28,"column":4},"end":{"line":33,"column":5}},"15":{"start":{"line":29,"column":6},"end":{"line":32,"column":7}},"16":{"start":{"line":34,"column":4},"end":{"line":34,"column":42}},"17":{"start":{"line":37,"column":4},"end":{"line":42,"column":5}},"18":{"start":{"line":38,"column":6},"end":{"line":41,"column":8}},"19":{"start":{"line":43,"column":4},"end":{"line":43,"column":47}},"20":{"start":{"line":47,"column":0},"end":{"line":47,"column":23}}},"fnMap":{"0":{"name":"(anonymous_0)","decl":{"start":{"line":6,"column":16},"end":{"line":6,"column":17}},"loc":{"start":{"line":6,"column":36},"end":{"line":20,"column":1}},"line":6},"1":{"name":"(anonymous_1)","decl":{"start":{"line":23,"column":19},"end":{"line":23,"column":20}},"loc":{"start":{"line":23,"column":39},"end":{"line":45,"column":1}},"line":23}},"branchMap":{"0":{"loc":{"start":{"line":12,"column":4},"end":{"line":17,"column":5}},"type":"if","locations":[{"start":{"line":12,"column":4},"end":{"line":17,"column":5}},{"start":{"line":12,"column":4},"end":{"line":17,"column":5}}],"line":12},"1":{"loc":{"start":{"line":28,"column":4},"end":{"line":33,"column":5}},"type":"if","locations":[{"start":{"line":28,"column":4},"end":{"line":33,"column":5}},{"start":{"line":28,"column":4},"end":{"line":33,"column":5}}],"line":28},"2":{"loc":{"start":{"line":37,"column":4},"end":{"line":42,"column":5}},"type":"if","locations":[{"start":{"line":37,"column":4},"end":{"line":42,"column":5}},{"start":{"line":37,"column":4},"end":{"line":42,"column":5}}],"line":37}},"s":{"0":3,"1":3,"2":3,"3":3,"4":4,"5":4,"6":4,"7":0,"8":0,"9":0,"10":3,"11":0,"12":0,"13":0,"14":0,"15":0,"16":0,"17":0,"18":0,"19":0,"20":3},"f":{"0":4,"1":0},"b":{"0":[0,0],"1":[0,0],"2":[0,0]},"_coverageSchema":"43e27e138ebf9cfc5966b082cf9a028302ed4184","hash":"b58ea8abf8ab8817ae6f240ac8e2028adbec4673"}
,"/Users/aliyapetranik/fork/gladeo/server/api/routes/user.js": {"path":"/Users/aliyapetranik/fork/gladeo/server/api/routes/user.js","statementMap":{"0":{"start":{"line":1,"column":16},"end":{"line":1,"column":34}},"1":{"start":{"line":2,"column":15},"end":{"line":2,"column":31}},"2":{"start":{"line":3,"column":45},"end":{"line":3,"column":84}},"3":{"start":{"line":4,"column":24},"end":{"line":4,"column":67}},"4":{"start":{"line":6,"column":0},"end":{"line":27,"column":2}},"5":{"start":{"line":7,"column":2},"end":{"line":26,"column":3}},"6":{"start":{"line":8,"column":19},"end":{"line":8,"column":29}},"7":{"start":{"line":9,"column":17},"end":{"line":9,"column":34}},"8":{"start":{"line":10,"column":4},"end":{"line":15,"column":5}},"9":{"start":{"line":11,"column":6},"end":{"line":14,"column":7}},"10":{"start":{"line":16,"column":4},"end":{"line":16,"column":37}},"11":{"start":{"line":18,"column":4},"end":{"line":24,"column":5}},"12":{"start":{"line":19,"column":6},"end":{"line":23,"column":8}},"13":{"start":{"line":25,"column":4},"end":{"line":25,"column":36}},"14":{"start":{"line":29,"column":0},"end":{"line":65,"column":2}},"15":{"start":{"line":30,"column":2},"end":{"line":64,"column":3}},"16":{"start":{"line":31,"column":27},"end":{"line":31,"column":37}},"17":{"start":{"line":32,"column":17},"end":{"line":32,"column":38}},"18":{"start":{"line":33,"column":4},"end":{"line":38,"column":5}},"19":{"start":{"line":34,"column":6},"end":{"line":37,"column":7}},"20":{"start":{"line":43,"column":28},"end":{"line":43,"column":41}},"21":{"start":{"line":44,"column":4},"end":{"line":46,"column":5}},"22":{"start":{"line":45,"column":6},"end":{"line":45,"column":37}},"23":{"start":{"line":47,"column":27},"end":{"line":49,"column":5}},"24":{"start":{"line":48,"column":6},"end":{"line":48,"column":82}},"25":{"start":{"line":48,"column":59},"end":{"line":48,"column":80}},"26":{"start":{"line":50,"column":4},"end":{"line":52,"column":6}},"27":{"start":{"line":51,"column":6},"end":{"line":51,"column":39}},"28":{"start":{"line":56,"column":4},"end":{"line":62,"column":5}},"29":{"start":{"line":57,"column":6},"end":{"line":61,"column":8}},"30":{"start":{"line":63,"column":4},"end":{"line":63,"column":47}},"31":{"start":{"line":72,"column":0},"end":{"line":107,"column":2}},"32":{"start":{"line":73,"column":2},"end":{"line":106,"column":3}},"33":{"start":{"line":74,"column":27},"end":{"line":74,"column":37}},"34":{"start":{"line":75,"column":27},"end":{"line":75,"column":35}},"35":{"start":{"line":77,"column":17},"end":{"line":77,"column":38}},"36":{"start":{"line":78,"column":28},"end":{"line":78,"column":30}},"37":{"start":{"line":79,"column":4},"end":{"line":81,"column":5}},"38":{"start":{"line":80,"column":6},"end":{"line":80,"column":45}},"39":{"start":{"line":84,"column":24},"end":{"line":84,"column":53}},"40":{"start":{"line":87,"column":4},"end":{"line":89,"column":5}},"41":{"start":{"line":88,"column":6},"end":{"line":88,"column":39}},"42":{"start":{"line":90,"column":4},"end":{"line":90,"column":47}},"43":{"start":{"line":93,"column":24},"end":{"line":93,"column":78}},"44":{"start":{"line":95,"column":4},"end":{"line":95,"column":44}},"45":{"start":{"line":98,"column":4},"end":{"line":104,"column":5}},"46":{"start":{"line":99,"column":6},"end":{"line":103,"column":8}},"47":{"start":{"line":105,"column":4},"end":{"line":105,"column":47}},"48":{"start":{"line":109,"column":0},"end":{"line":109,"column":23}}},"fnMap":{"0":{"name":"(anonymous_0)","decl":{"start":{"line":6,"column":19},"end":{"line":6,"column":20}},"loc":{"start":{"line":6,"column":39},"end":{"line":27,"column":1}},"line":6},"1":{"name":"(anonymous_1)","decl":{"start":{"line":29,"column":28},"end":{"line":29,"column":29}},"loc":{"start":{"line":29,"column":48},"end":{"line":65,"column":1}},"line":29},"2":{"name":"(anonymous_2)","decl":{"start":{"line":47,"column":27},"end":{"line":47,"column":28}},"loc":{"start":{"line":47,"column":36},"end":{"line":49,"column":5}},"line":47},"3":{"name":"(anonymous_3)","decl":{"start":{"line":48,"column":47},"end":{"line":48,"column":48}},"loc":{"start":{"line":48,"column":59},"end":{"line":48,"column":80}},"line":48},"4":{"name":"(anonymous_4)","decl":{"start":{"line":50,"column":28},"end":{"line":50,"column":29}},"loc":{"start":{"line":50,"column":36},"end":{"line":52,"column":5}},"line":50},"5":{"name":"(anonymous_5)","decl":{"start":{"line":72,"column":27},"end":{"line":72,"column":28}},"loc":{"start":{"line":72,"column":47},"end":{"line":107,"column":1}},"line":72}},"branchMap":{"0":{"loc":{"start":{"line":10,"column":4},"end":{"line":15,"column":5}},"type":"if","locations":[{"start":{"line":10,"column":4},"end":{"line":15,"column":5}},{"start":{"line":10,"column":4},"end":{"line":15,"column":5}}],"line":10},"1":{"loc":{"start":{"line":18,"column":4},"end":{"line":24,"column":5}},"type":"if","locations":[{"start":{"line":18,"column":4},"end":{"line":24,"column":5}},{"start":{"line":18,"column":4},"end":{"line":24,"column":5}}],"line":18},"2":{"loc":{"start":{"line":33,"column":4},"end":{"line":38,"column":5}},"type":"if","locations":[{"start":{"line":33,"column":4},"end":{"line":38,"column":5}},{"start":{"line":33,"column":4},"end":{"line":38,"column":5}}],"line":33},"3":{"loc":{"start":{"line":44,"column":4},"end":{"line":46,"column":5}},"type":"if","locations":[{"start":{"line":44,"column":4},"end":{"line":46,"column":5}},{"start":{"line":44,"column":4},"end":{"line":46,"column":5}}],"line":44},"4":{"loc":{"start":{"line":56,"column":4},"end":{"line":62,"column":5}},"type":"if","locations":[{"start":{"line":56,"column":4},"end":{"line":62,"column":5}},{"start":{"line":56,"column":4},"end":{"line":62,"column":5}}],"line":56},"5":{"loc":{"start":{"line":79,"column":4},"end":{"line":81,"column":5}},"type":"if","locations":[{"start":{"line":79,"column":4},"end":{"line":81,"column":5}},{"start":{"line":79,"column":4},"end":{"line":81,"column":5}}],"line":79},"6":{"loc":{"start":{"line":87,"column":4},"end":{"line":89,"column":5}},"type":"if","locations":[{"start":{"line":87,"column":4},"end":{"line":89,"column":5}},{"start":{"line":87,"column":4},"end":{"line":89,"column":5}}],"line":87},"7":{"loc":{"start":{"line":98,"column":4},"end":{"line":104,"column":5}},"type":"if","locations":[{"start":{"line":98,"column":4},"end":{"line":104,"column":5}},{"start":{"line":98,"column":4},"end":{"line":104,"column":5}}],"line":98}},"s":{"0":3,"1":3,"2":3,"3":3,"4":3,"5":3,"6":3,"7":3,"8":3,"9":1,"10":2,"11":1,"12":0,"13":1,"14":3,"15":7,"16":7,"17":7,"18":7,"19":1,"20":6,"21":6,"22":5,"23":1,"24":1,"25":1,"26":1,"27":1,"28":1,"29":0,"30":1,"31":3,"32":5,"33":5,"34":5,"35":5,"36":5,"37":5,"38":3,"39":5,"40":5,"41":0,"42":5,"43":5,"44":5,"45":0,"46":0,"47":0,"48":3},"f":{"0":3,"1":7,"2":1,"3":1,"4":1,"5":5},"b":{"0":[1,2],"1":[0,1],"2":[1,6],"3":[5,1],"4":[0,1],"5":[3,2],"6":[0,5],"7":[0,0]},"_coverageSchema":"43e27e138ebf9cfc5966b082cf9a028302ed4184","hash":"9168f22b4ed1aaac4fce9f806caa562b5da9362f"}
,"/Users/aliyapetranik/fork/gladeo/server/data_access_layer/company.js": {"path":"/Users/aliyapetranik/fork/gladeo/server/data_access_layer/company.js","statementMap":{"0":{"start":{"line":1,"column":17},"end":{"line":1,"column":35}},"1":{"start":{"line":2,"column":55},"end":{"line":2,"column":75}},"2":{"start":{"line":5,"column":23},"end":{"line":9,"column":4}},"3":{"start":{"line":11,"column":22},"end":{"line":13,"column":3}},"4":{"start":{"line":15,"column":2},"end":{"line":15,"column":23}},"5":{"start":{"line":18,"column":0},"end":{"line":20,"column":1}}},"fnMap":{"0":{"name":"getCompany","decl":{"start":{"line":4,"column":15},"end":{"line":4,"column":25}},"loc":{"start":{"line":4,"column":39},"end":{"line":16,"column":1}},"line":4}},"branchMap":{},"s":{"0":3,"1":3,"2":3,"3":3,"4":3,"5":3},"f":{"0":3},"b":{},"_coverageSchema":"43e27e138ebf9cfc5966b082cf9a028302ed4184","hash":"3ad48a5affc554ed33a25e6dadf7ff3ce61e6858"}
,"/Users/aliyapetranik/fork/gladeo/server/data_access_layer/helpers.js": {"path":"/Users/aliyapetranik/fork/gladeo/server/data_access_layer/helpers.js","statementMap":{"0":{"start":{"line":1,"column":17},"end":{"line":1,"column":35}},"1":{"start":{"line":7,"column":2},"end":{"line":10,"column":5}},"2":{"start":{"line":7,"column":32},"end":{"line":10,"column":3}},"3":{"start":{"line":17,"column":20},"end":{"line":17,"column":22}},"4":{"start":{"line":18,"column":2},"end":{"line":20,"column":4}},"5":{"start":{"line":19,"column":4},"end":{"line":19,"column":51}},"6":{"start":{"line":21,"column":2},"end":{"line":21,"column":20}},"7":{"start":{"line":28,"column":16},"end":{"line":28,"column":18}},"8":{"start":{"line":29,"column":2},"end":{"line":33,"column":4}},"9":{"start":{"line":30,"column":4},"end":{"line":30,"column":45}},"10":{"start":{"line":32,"column":4},"end":{"line":32,"column":19}},"11":{"start":{"line":34,"column":2},"end":{"line":34,"column":16}},"12":{"start":{"line":39,"column":15},"end":{"line":39,"column":17}},"13":{"start":{"line":40,"column":2},"end":{"line":42,"column":4}},"14":{"start":{"line":41,"column":4},"end":{"line":41,"column":26}},"15":{"start":{"line":43,"column":2},"end":{"line":53,"column":3}},"16":{"start":{"line":44,"column":4},"end":{"line":49,"column":6}},"17":{"start":{"line":51,"column":4},"end":{"line":51,"column":76}},"18":{"start":{"line":52,"column":4},"end":{"line":52,"column":10}},"19":{"start":{"line":56,"column":0},"end":{"line":61,"column":1}}},"fnMap":{"0":{"name":"extractContentFromRecords","decl":{"start":{"line":6,"column":9},"end":{"line":6,"column":34}},"loc":{"start":{"line":6,"column":44},"end":{"line":11,"column":1}},"line":6},"1":{"name":"(anonymous_1)","decl":{"start":{"line":7,"column":21},"end":{"line":7,"column":22}},"loc":{"start":{"line":7,"column":32},"end":{"line":10,"column":3}},"line":7},"2":{"name":"getFieldsFromObject","decl":{"start":{"line":16,"column":9},"end":{"line":16,"column":28}},"loc":{"start":{"line":16,"column":43},"end":{"line":22,"column":1}},"line":16},"3":{"name":"(anonymous_3)","decl":{"start":{"line":18,"column":15},"end":{"line":18,"column":16}},"loc":{"start":{"line":18,"column":22},"end":{"line":20,"column":3}},"line":18},"4":{"name":"getAllFromTable","decl":{"start":{"line":27,"column":15},"end":{"line":27,"column":30}},"loc":{"start":{"line":27,"column":38},"end":{"line":35,"column":1}},"line":27},"5":{"name":"(anonymous_5)","decl":{"start":{"line":29,"column":23},"end":{"line":29,"column":24}},"loc":{"start":{"line":29,"column":58},"end":{"line":33,"column":3}},"line":29},"6":{"name":"clearFieldsInSingleRecord","decl":{"start":{"line":38,"column":15},"end":{"line":38,"column":40}},"loc":{"start":{"line":38,"column":76},"end":{"line":54,"column":1}},"line":38},"7":{"name":"(anonymous_7)","decl":{"start":{"line":40,"column":21},"end":{"line":40,"column":22}},"loc":{"start":{"line":40,"column":34},"end":{"line":42,"column":3}},"line":40}},"branchMap":{"0":{"loc":{"start":{"line":19,"column":23},"end":{"line":19,"column":51}},"type":"cond-expr","locations":[{"start":{"line":19,"column":36},"end":{"line":19,"column":44}},{"start":{"line":19,"column":47},"end":{"line":19,"column":51}}],"line":19}},"s":{"0":3,"1":28,"2":57,"3":0,"4":0,"5":0,"6":0,"7":28,"8":28,"9":28,"10":28,"11":28,"12":6,"13":6,"14":6,"15":6,"16":6,"17":0,"18":0,"19":3},"f":{"0":28,"1":57,"2":0,"3":0,"4":28,"5":28,"6":6,"7":6},"b":{"0":[0,0]},"_coverageSchema":"43e27e138ebf9cfc5966b082cf9a028302ed4184","hash":"4b315105065e6ba1c2f2e7b667bf8bc840b21eb1"}
,"/Users/aliyapetranik/fork/gladeo/server/data_access_layer/index.js": {"path":"/Users/aliyapetranik/fork/gladeo/server/data_access_layer/index.js","statementMap":{"0":{"start":{"line":1,"column":17},"end":{"line":1,"column":36}},"1":{"start":{"line":2,"column":31},"end":{"line":2,"column":54}},"2":{"start":{"line":7,"column":11},"end":{"line":7,"column":60}},"3":{"start":{"line":9,"column":0},"end":{"line":11,"column":1}}},"fnMap":{},"branchMap":{},"s":{"0":3,"1":3,"2":3,"3":3},"f":{},"b":{},"_coverageSchema":"43e27e138ebf9cfc5966b082cf9a028302ed4184","hash":"162e08a401e7c3d3a21c7fc2e19d423df9e6f335"}
,"/Users/aliyapetranik/fork/gladeo/server/data_access_layer/question.js": {"path":"/Users/aliyapetranik/fork/gladeo/server/data_access_layer/question.js","statementMap":{"0":{"start":{"line":1,"column":17},"end":{"line":1,"column":35}},"1":{"start":{"line":2,"column":55},"end":{"line":2,"column":75}},"2":{"start":{"line":6,"column":24},"end":{"line":9,"column":4}},"3":{"start":{"line":11,"column":20},"end":{"line":13,"column":3}},"4":{"start":{"line":14,"column":2},"end":{"line":14,"column":18}},"5":{"start":{"line":22,"column":24},"end":{"line":25,"column":4}},"6":{"start":{"line":27,"column":20},"end":{"line":29,"column":3}},"7":{"start":{"line":31,"column":2},"end":{"line":31,"column":21}},"8":{"start":{"line":34,"column":0},"end":{"line":37,"column":1}}},"fnMap":{"0":{"name":"getAllQuestions","decl":{"start":{"line":5,"column":15},"end":{"line":5,"column":30}},"loc":{"start":{"line":5,"column":33},"end":{"line":15,"column":1}},"line":5},"1":{"name":"getQuestion","decl":{"start":{"line":21,"column":15},"end":{"line":21,"column":26}},"loc":{"start":{"line":21,"column":31},"end":{"line":32,"column":1}},"line":21}},"branchMap":{},"s":{"0":3,"1":3,"2":4,"3":4,"4":4,"5":6,"6":6,"7":6,"8":3},"f":{"0":4,"1":6},"b":{},"_coverageSchema":"43e27e138ebf9cfc5966b082cf9a028302ed4184","hash":"4c768bbdbb7966587e1fa008a1e4f3d89a8d3071"}
,"/Users/aliyapetranik/fork/gladeo/server/data_access_layer/user.js": {"path":"/Users/aliyapetranik/fork/gladeo/server/data_access_layer/user.js","statementMap":{"0":{"start":{"line":1,"column":17},"end":{"line":1,"column":35}},"1":{"start":{"line":2,"column":55},"end":{"line":2,"column":75}},"2":{"start":{"line":4,"column":21},"end":{"line":4,"column":28}},"3":{"start":{"line":5,"column":20},"end":{"line":5,"column":24}},"4":{"start":{"line":8,"column":22},"end":{"line":11,"column":4}},"5":{"start":{"line":13,"column":16},"end":{"line":13,"column":77}},"6":{"start":{"line":14,"column":2},"end":{"line":14,"column":44}},"7":{"start":{"line":18,"column":2},"end":{"line":18,"column":35}},"8":{"start":{"line":20,"column":22},"end":{"line":25,"column":4}},"9":{"start":{"line":26,"column":2},"end":{"line":26,"column":41}},"10":{"start":{"line":27,"column":2},"end":{"line":27,"column":13}},"11":{"start":{"line":30,"column":0},"end":{"line":33,"column":1}}},"fnMap":{"0":{"name":"getUser","decl":{"start":{"line":7,"column":15},"end":{"line":7,"column":22}},"loc":{"start":{"line":7,"column":31},"end":{"line":15,"column":1}},"line":7},"1":{"name":"updateAnsweredQuestions","decl":{"start":{"line":17,"column":15},"end":{"line":17,"column":38}},"loc":{"start":{"line":17,"column":64},"end":{"line":28,"column":1}},"line":17}},"branchMap":{"0":{"loc":{"start":{"line":14,"column":9},"end":{"line":14,"column":44}},"type":"cond-expr","locations":[{"start":{"line":14,"column":29},"end":{"line":14,"column":33}},{"start":{"line":14,"column":36},"end":{"line":14,"column":44}}],"line":14}},"s":{"0":3,"1":3,"2":3,"3":3,"4":15,"5":15,"6":15,"7":5,"8":5,"9":5,"10":5,"11":3},"f":{"0":15,"1":5},"b":{"0":[2,13]},"_coverageSchema":"43e27e138ebf9cfc5966b082cf9a028302ed4184","hash":"fce47520d7222ff5a39dff5ded3d9c9793bc86c2"}
}
