TN:
SF:/Users/aliyapetranik/fork/gladeo/config.js
FNF:0
FNH:0
DA:2,3
DA:3,3
DA:5,3
LF:3
LH:3
BRF:0
BRH:0
end_of_record
TN:
SF:/Users/aliyapetranik/fork/gladeo/server/api/app.js
FN:13,(anonymous_0)
FN:16,(anonymous_1)
FN:22,(anonymous_2)
FN:55,(anonymous_3)
FN:62,(anonymous_4)
FNF:5
FNH:3
FNDA:0,(anonymous_0)
FNDA:0,(anonymous_1)
FNDA:25,(anonymous_2)
FNDA:3,(anonymous_3)
FNDA:3,(anonymous_4)
DA:1,3
DA:2,3
DA:3,3
DA:4,3
DA:5,3
DA:7,3
DA:9,3
DA:10,3
DA:13,3
DA:14,0
DA:16,3
DA:17,0
DA:22,3
DA:23,25
DA:24,25
DA:25,25
DA:29,25
DA:33,25
DA:37,3
DA:40,3
DA:41,3
DA:42,3
DA:43,3
DA:46,3
DA:55,3
DA:56,3
DA:57,3
DA:58,3
DA:62,3
DA:63,3
DA:64,3
DA:72,3
LF:32
LH:30
BRDA:63,0,0,3
BRDA:63,0,1,0
BRF:2
BRH:1
end_of_record
TN:
SF:/Users/aliyapetranik/fork/gladeo/server/api/routes/auth.js
FN:4,(anonymous_0)
FN:7,(anonymous_1)
FNF:2
FNH:0
FNDA:0,(anonymous_0)
FNDA:0,(anonymous_1)
DA:1,3
DA:2,3
DA:4,3
DA:7,3
DA:10,3
LF:5
LH:5
BRF:0
BRH:0
end_of_record
TN:
SF:/Users/aliyapetranik/fork/gladeo/server/api/routes/company.js
FN:5,(anonymous_0)
FNF:1
FNH:1
FNDA:3,(anonymous_0)
DA:1,3
DA:2,3
DA:3,3
DA:5,3
DA:6,3
DA:7,3
DA:8,3
DA:9,3
DA:10,1
DA:15,2
DA:17,1
DA:18,0
DA:23,1
DA:27,3
LF:14
LH:13
BRDA:9,0,0,1
BRDA:9,0,1,2
BRDA:17,1,0,0
BRDA:17,1,1,1
BRF:4
BRH:3
end_of_record
TN:
SF:/Users/aliyapetranik/fork/gladeo/server/api/routes/question.js
FN:6,(anonymous_0)
FN:23,(anonymous_1)
FNF:2
FNH:1
FNDA:4,(anonymous_0)
FNDA:0,(anonymous_1)
DA:1,3
DA:2,3
DA:3,3
DA:6,3
DA:7,4
DA:8,4
DA:9,4
DA:12,0
DA:13,0
DA:18,0
DA:23,3
DA:24,0
DA:25,0
DA:27,0
DA:28,0
DA:29,0
DA:34,0
DA:37,0
DA:38,0
DA:43,0
DA:47,3
LF:21
LH:9
BRDA:12,0,0,0
BRDA:12,0,1,0
BRDA:28,1,0,0
BRDA:28,1,1,0
BRDA:37,2,0,0
BRDA:37,2,1,0
BRF:6
BRH:0
end_of_record
TN:
SF:/Users/aliyapetranik/fork/gladeo/server/api/routes/user.js
FN:6,(anonymous_0)
FN:29,(anonymous_1)
FN:47,(anonymous_2)
FN:48,(anonymous_3)
FN:50,(anonymous_4)
FN:72,(anonymous_5)
FNF:6
FNH:6
FNDA:3,(anonymous_0)
FNDA:7,(anonymous_1)
FNDA:1,(anonymous_2)
FNDA:1,(anonymous_3)
FNDA:1,(anonymous_4)
FNDA:5,(anonymous_5)
DA:1,3
DA:2,3
DA:3,3
DA:4,3
DA:6,3
DA:7,3
DA:8,3
DA:9,3
DA:10,3
DA:11,1
DA:16,2
DA:18,1
DA:19,0
DA:25,1
DA:29,3
DA:30,7
DA:31,7
DA:32,7
DA:33,7
DA:34,1
DA:43,6
DA:44,6
DA:45,5
DA:47,1
DA:48,1
DA:50,1
DA:51,1
DA:56,1
DA:57,0
DA:63,1
DA:72,3
DA:73,5
DA:74,5
DA:75,5
DA:77,5
DA:78,5
DA:79,5
DA:80,3
DA:84,5
DA:87,5
DA:88,0
DA:90,5
DA:93,5
DA:95,5
DA:98,0
DA:99,0
DA:105,0
DA:109,3
LF:48
LH:42
BRDA:10,0,0,1
BRDA:10,0,1,2
BRDA:18,1,0,0
BRDA:18,1,1,1
BRDA:33,2,0,1
BRDA:33,2,1,6
BRDA:44,3,0,5
BRDA:44,3,1,1
BRDA:56,4,0,0
BRDA:56,4,1,1
BRDA:79,5,0,3
BRDA:79,5,1,2
BRDA:87,6,0,0
BRDA:87,6,1,5
BRDA:98,7,0,0
BRDA:98,7,1,0
BRF:16
BRH:11
end_of_record
TN:
SF:/Users/aliyapetranik/fork/gladeo/server/data_access_layer/company.js
FN:4,getCompany
FNF:1
FNH:1
FNDA:3,getCompany
DA:1,3
DA:2,3
DA:5,3
DA:11,3
DA:15,3
DA:18,3
LF:6
LH:6
BRF:0
BRH:0
end_of_record
TN:
SF:/Users/aliyapetranik/fork/gladeo/server/data_access_layer/helpers.js
FN:6,extractContentFromRecords
FN:7,(anonymous_1)
FN:16,getFieldsFromObject
FN:18,(anonymous_3)
FN:27,getAllFromTable
FN:29,(anonymous_5)
FN:38,clearFieldsInSingleRecord
FN:40,(anonymous_7)
FNF:8
FNH:6
FNDA:28,extractContentFromRecords
FNDA:57,(anonymous_1)
FNDA:0,getFieldsFromObject
FNDA:0,(anonymous_3)
FNDA:28,getAllFromTable
FNDA:28,(anonymous_5)
FNDA:6,clearFieldsInSingleRecord
FNDA:6,(anonymous_7)
DA:1,3
DA:7,57
DA:17,0
DA:18,0
DA:19,0
DA:21,0
DA:28,28
DA:29,28
DA:30,28
DA:32,28
DA:34,28
DA:39,6
DA:40,6
DA:41,6
DA:43,6
DA:44,6
DA:51,0
DA:52,0
DA:56,3
LF:19
LH:13
BRDA:19,0,0,0
BRDA:19,0,1,0
BRF:2
BRH:0
end_of_record
TN:
SF:/Users/aliyapetranik/fork/gladeo/server/data_access_layer/index.js
FNF:0
FNH:0
DA:1,3
DA:2,3
DA:7,3
DA:9,3
LF:4
LH:4
BRF:0
BRH:0
end_of_record
TN:
SF:/Users/aliyapetranik/fork/gladeo/server/data_access_layer/question.js
FN:5,getAllQuestions
FN:21,getQuestion
FNF:2
FNH:2
FNDA:4,getAllQuestions
FNDA:6,getQuestion
DA:1,3
DA:2,3
DA:6,4
DA:11,4
DA:14,4
DA:22,6
DA:27,6
DA:31,6
DA:34,3
LF:9
LH:9
BRF:0
BRH:0
end_of_record
TN:
SF:/Users/aliyapetranik/fork/gladeo/server/data_access_layer/user.js
FN:7,getUser
FN:17,updateAnsweredQuestions
FNF:2
FNH:2
FNDA:15,getUser
FNDA:5,updateAnsweredQuestions
DA:1,3
DA:2,3
DA:4,3
DA:5,3
DA:8,15
DA:13,15
DA:14,15
DA:18,5
DA:20,5
DA:26,5
DA:27,5
DA:30,3
LF:12
LH:12
BRDA:14,0,0,2
BRDA:14,0,1,13
BRF:2
BRH:2
end_of_record
